# JRE version: Java(TM) SE Runtime Environment (8.0_91-b14) (build 1.8.0_91-b14)
# Java VM: Java HotSpot(TM) 64-Bit Server VM (25.91-b14 mixed mode windows-amd64 compressed oops)
Heap:
 PSYoungGen      total 34816K, used 9022K [0x00000000d9a00000, 0x00000000dc080000, 0x0000000100000000)
  eden space 30208K, 29% used [0x00000000d9a00000,0x00000000da2a7820,0x00000000db780000)
  from space 4608K, 3% used [0x00000000db780000,0x00000000db7a8000,0x00000000dbc00000)
  to   space 4608K, 0% used [0x00000000dbc00000,0x00000000dbc00000,0x00000000dc080000)
 ParOldGen       total 114688K, used 55441K [0x000000008ce00000, 0x0000000093e00000, 0x00000000d9a00000)
  object space 114688K, 48% used [0x000000008ce00000,0x0000000090424700,0x0000000093e00000)
 Metaspace       used 8425K, capacity 8672K, committed 8832K, reserved 1056768K
  class space    used 1022K, capacity 1096K, committed 1152K, reserved 1048576K
GC Heap History (8 events):
Event: 5.935 GC heap before
{Heap before GC invocations=1 (full 0):
 PSYoungGen      total 34816K, used 23718K [0x00000000d9a00000, 0x00000000dc080000, 0x0000000100000000)
  eden space 30208K, 78% used [0x00000000d9a00000,0x00000000db129ba0,0x00000000db780000)
  from space 4608K, 0% used [0x00000000dbc00000,0x00000000dbc00000,0x00000000dc080000)
  to   space 4608K, 0% used [0x00000000db780000,0x00000000db780000,0x00000000dbc00000)
 ParOldGen       total 79360K, used 0K [0x000000008ce00000, 0x0000000091b80000, 0x00000000d9a00000)
  object space 79360K, 0% used [0x000000008ce00000,0x000000008ce00000,0x0000000091b80000)
 Metaspace       used 8400K, capacity 8608K, committed 8832K, reserved 1056768K
  class space    used 1022K, capacity 1096K, committed 1152K, reserved 1048576K
Event: 5.968 GC heap after
Heap after GC invocations=1 (full 0):
 PSYoungGen      total 34816K, used 2141K [0x00000000d9a00000, 0x00000000dc080000, 0x0000000100000000)
  eden space 30208K, 0% used [0x00000000d9a00000,0x00000000d9a00000,0x00000000db780000)
  from space 4608K, 46% used [0x00000000db780000,0x00000000db997570,0x00000000dbc00000)
  to   space 4608K, 0% used [0x00000000dbc00000,0x00000000dbc00000,0x00000000dc080000)
 ParOldGen       total 79360K, used 22890K [0x000000008ce00000, 0x0000000091b80000, 0x00000000d9a00000)
  object space 79360K, 28% used [0x000000008ce00000,0x000000008e45aa30,0x0000000091b80000)
 Metaspace       used 8400K, capacity 8608K, committed 8832K, reserved 1056768K
  class space    used 1022K, capacity 1096K, committed 1152K, reserved 1048576K
}
Event: 36.000 GC heap before
{Heap before GC invocations=2 (full 0):
 PSYoungGen      total 34816K, used 27967K [0x00000000d9a00000, 0x00000000dc080000, 0x0000000100000000)
  eden space 30208K, 85% used [0x00000000d9a00000,0x00000000db338a38,0x00000000db780000)
  from space 4608K, 46% used [0x00000000db780000,0x00000000db997570,0x00000000dbc00000)
  to   space 4608K, 0% used [0x00000000dbc00000,0x00000000dbc00000,0x00000000dc080000)
 ParOldGen       total 79360K, used 22890K [0x000000008ce00000, 0x0000000091b80000, 0x00000000d9a00000)
  object space 79360K, 28% used [0x000000008ce00000,0x000000008e45aa30,0x0000000091b80000)
 Metaspace       used 8424K, capacity 8672K, committed 8832K, reserved 1056768K
  class space    used 1022K, capacity 1096K, committed 1152K, reserved 1048576K
Event: 36.079 GC heap after
Heap after GC invocations=2 (full 0):
 PSYoungGen      total 34816K, used 2077K [0x00000000d9a00000, 0x00000000dc080000, 0x0000000100000000)
  eden space 30208K, 0% used [0x00000000d9a00000,0x00000000d9a00000,0x00000000db780000)
  from space 4608K, 45% used [0x00000000dbc00000,0x00000000dbe07570,0x00000000dc080000)
  to   space 4608K, 0% used [0x00000000db780000,0x00000000db780000,0x00000000dbc00000)
 ParOldGen       total 79360K, used 68663K [0x000000008ce00000, 0x0000000091b80000, 0x00000000d9a00000)
  object space 79360K, 86% used [0x000000008ce00000,0x000000009110de90,0x0000000091b80000)
 Metaspace       used 8424K, capacity 8672K, committed 8832K, reserved 1056768K
  class space    used 1022K, capacity 1096K, committed 1152K, reserved 1048576K
}
Event: 36.079 GC heap before
{Heap before GC invocations=3 (full 1):
 PSYoungGen      total 34816K, used 2077K [0x00000000d9a00000, 0x00000000dc080000, 0x0000000100000000)
  eden space 30208K, 0% used [0x00000000d9a00000,0x00000000d9a00000,0x00000000db780000)
  from space 4608K, 45% used [0x00000000dbc00000,0x00000000dbe07570,0x00000000dc080000)
  to   space 4608K, 0% used [0x00000000db780000,0x00000000db780000,0x00000000dbc00000)
 ParOldGen       total 79360K, used 68663K [0x000000008ce00000, 0x0000000091b80000, 0x00000000d9a00000)
  object space 79360K, 86% used [0x000000008ce00000,0x000000009110de90,0x0000000091b80000)
 Metaspace       used 8424K, capacity 8672K, committed 8832K, reserved 1056768K
  class space    used 1022K, capacity 1096K, committed 1152K, reserved 1048576K
Event: 36.116 GC heap after
Heap after GC invocations=3 (full 1):
 PSYoungGen      total 34816K, used 0K [0x00000000d9a00000, 0x00000000dc080000, 0x0000000100000000)
  eden space 30208K, 0% used [0x00000000d9a00000,0x00000000d9a00000,0x00000000db780000)
  from space 4608K, 0% used [0x00000000dbc00000,0x00000000dbc00000,0x00000000dc080000)
  to   space 4608K, 0% used [0x00000000db780000,0x00000000db780000,0x00000000dbc00000)
 ParOldGen       total 114688K, used 32559K [0x000000008ce00000, 0x0000000093e00000, 0x00000000d9a00000)
  object space 114688K, 28% used [0x000000008ce00000,0x000000008edcbcd0,0x0000000093e00000)
 Metaspace       used 8424K, capacity 8672K, committed 8832K, reserved 1056768K
  class space    used 1022K, capacity 1096K, committed 1152K, reserved 1048576K
}
Event: 38.994 GC heap before
{Heap before GC invocations=4 (full 1):
 PSYoungGen      total 34816K, used 24010K [0x00000000d9a00000, 0x00000000dc080000, 0x0000000100000000)
  eden space 30208K, 79% used [0x00000000d9a00000,0x00000000db172958,0x00000000db780000)
  from space 4608K, 0% used [0x00000000dbc00000,0x00000000dbc00000,0x00000000dc080000)
  to   space 4608K, 0% used [0x00000000db780000,0x00000000db780000,0x00000000dbc00000)
 ParOldGen       total 114688K, used 32559K [0x000000008ce00000, 0x0000000093e00000, 0x00000000d9a00000)
  object space 114688K, 28% used [0x000000008ce00000,0x000000008edcbcd0,0x0000000093e00000)
 Metaspace       used 8424K, capacity 8672K, committed 8832K, reserved 1056768K
  class space    used 1022K, capacity 1096K, committed 1152K, reserved 1048576K
Event: 39.004 GC heap after
Heap after GC invocations=4 (full 1):
 PSYoungGen      total 34816K, used 160K [0x00000000d9a00000, 0x00000000dc080000, 0x0000000100000000)
  eden space 30208K, 0% used [0x00000000d9a00000,0x00000000d9a00000,0x00000000db780000)
  from space 4608K, 3% used [0x00000000db780000,0x00000000db7a8000,0x00000000dbc00000)
  to   space 4608K, 0% used [0x00000000dbc00000,0x00000000dbc00000,0x00000000dc080000)
 ParOldGen       total 114688K, used 55441K [0x000000008ce00000, 0x0000000093e00000, 0x00000000d9a00000)
  object space 114688K, 48% used [0x000000008ce00000,0x0000000090424700,0x0000000093e00000)
 Metaspace       used 8424K, capacity 8672K, committed 8832K, reserved 1056768K
  class space    used 1022K, capacity 1096K, committed 1152K, reserved 1048576K
}

